[0m2021.04.10 22:29:37 INFO  Started: Metals version 0.10.1 in workspace 'F:\traning-project-2\traning-project' for client vscode 1.55.1.[0m
[0m2021.04.10 22:29:37 INFO  time: initialize in 0.96s[0m
[0m2021.04.10 22:29:39 WARN  Build server is not auto-connectable.[0m
[0m2021.04.10 22:31:25 WARN  no build target for: F:\traning-project-2\traning-project\ui-build.sbt[0m
[0m2021.04.10 22:31:33 INFO  no build target: using presentation compiler with only scala-library: 2.12.13[0m
[0m2021.04.10 22:31:38 INFO  time: code lens generation in 12s[0m
[0m2021.04.10 22:58:03 WARN  no build target for: F:\traning-project-2\traning-project\project\FrontendCommands.scala[0m
[0m2021.04.10 22:58:13 WARN  no build target for: F:\traning-project-2\traning-project\project\FrontendCommands.scala[0m
[0m2021.04.10 22:58:16 INFO  running 'D:\Program Files\Java\jdk1.8.0_211\bin\java -Djline.terminal=jline.UnsupportedTerminal -Dsbt.log.noformat=true -Dfile.encoding=UTF-8 -jar C:\Users\Admin\AppData\Local\Temp\metals5173761037643878320\sbt-launch.jar -Dbloop.export-jar-classifiers=sources bloopInstall'[0m
[0m2021.04.10 22:58:24 INFO  [info] Loading settings for project traning-project-build-build-build from metals.sbt ...[0m
[0m2021.04.10 22:58:25 WARN  no build target for: F:\traning-project-2\traning-project\project\FrontendCommands.scala[0m
[0m2021.04.10 22:58:25 INFO  [info] Loading project definition from F:\traning-project-2\traning-project\project\project\project[0m
[0m2021.04.10 22:58:32 INFO  [info] Loading settings for project traning-project-build-build from metals.sbt ...[0m
[0m2021.04.10 22:58:32 INFO  [info] Loading project definition from F:\traning-project-2\traning-project\project\project[0m
[0m2021.04.10 22:58:38 INFO  [success] Generated .bloop\traning-project-build-build.json[0m
[0m2021.04.10 22:58:38 INFO  [success] Total time: 5 s, completed Apr 10, 2021 10:58:38 PM[0m
[0m2021.04.10 22:58:39 INFO  [info] Loading settings for project traning-project-build from metals.sbt,plugins.sbt ...[0m
[0m2021.04.10 22:58:39 INFO  [info] Loading project definition from F:\traning-project-2\traning-project\project[0m
[0m2021.04.10 22:58:41 INFO  [warn] There may be incompatibilities among your library dependencies; run 'evicted' to see detailed eviction warnings.[0m
[0m2021.04.10 22:58:42 INFO  [success] Generated .bloop\traning-project-build.json[0m
[0m2021.04.10 22:58:42 INFO  [info] Compiling 1 Scala source to F:\traning-project-2\traning-project\project\target\scala-2.12\sbt-1.0\classes ...[0m
[0m2021.04.10 22:58:44 INFO  [info] Done compiling.[0m
[0m2021.04.10 22:58:44 INFO  [success] Total time: 5 s, completed Apr 10, 2021 10:58:44 PM[0m
[0m2021.04.10 22:58:53 INFO  [info] Loading settings for project root from build.sbt,ui-build.sbt ...[0m
[0m2021.04.10 22:58:53 INFO  [info] Set current project to shorten-url (in build file:/F:/traning-project-2/traning-project/)[0m
[0m2021.04.10 22:59:00 INFO  [warn] There may be incompatibilities among your library dependencies; run 'evicted' to see detailed eviction warnings.[0m
[0m2021.04.10 22:59:02 INFO  [success] Generated .bloop\root.json[0m
[0m2021.04.10 22:59:02 INFO  [success] Generated .bloop\root-test.json[0m
[0m2021.04.10 22:59:02 INFO  [success] Total time: 8 s, completed Apr 10, 2021 10:59:02 PM[0m
[0m2021.04.10 22:59:02 INFO  sbt bloopInstall exit: 0[0m
[0m2021.04.10 22:59:02 INFO  time: ran 'sbt bloopInstall' in 46s[0m
[0m2021.04.10 22:59:02 INFO  Attempting to connect to the build server...[0m
Starting the bsp launcher for bloop...
Opening a bsp server connection with 'bsp --protocol tcp --port 31568'...
Waiting for the bsp connection to come up...
[0m[32m[D][0m Loading 2 projects from 'f:\traning-project-2\traning-project\.bloop'...
[0m[32m[D][0m Loading project from 'f:\traning-project-2\traning-project\.bloop\root.json'
[0m[32m[D][0m Loading project from 'f:\traning-project-2\traning-project\.bloop\root-test.json'
[0m[32m[D][0m Cache miss for scala instance org.scala-lang:scala-compiler:2.12.8.
[0m[32m[D][0m   => C:\Users\Admin\AppData\Local\Coursier\cache\v1\https\repo1.maven.org\maven2\jline\jline\2.14.6\jline-2.14.6.jar
[0m[32m[D][0m   => C:\Users\Admin\AppData\Local\Coursier\cache\v1\https\repo1.maven.org\maven2\org\scala-lang\modules\scala-xml_2.12\1.0.6\scala-xml_2.12-1.0.6.jar
[0m[32m[D][0m   => C:\Users\Admin\AppData\Local\Coursier\cache\v1\https\repo1.maven.org\maven2\org\scala-lang\scala-compiler\2.12.8\scala-compiler-2.12.8.jar
[0m[32m[D][0m   => C:\Users\Admin\AppData\Local\Coursier\cache\v1\https\repo1.maven.org\maven2\org\scala-lang\scala-library\2.12.8\scala-library-2.12.8.jar
[0m[32m[D][0m   => C:\Users\Admin\AppData\Local\Coursier\cache\v1\https\repo1.maven.org\maven2\org\scala-lang\scala-reflect\2.12.8\scala-reflect-2.12.8.jar
[0m[32m[D][0m Missing analysis file for project 'root'
[0m[32m[D][0m Missing analysis file for project 'root-test'
[0m[32m[D][0m Waiting for a connection at 127.0.0.1:31568...
The server is listening for incoming connections at tcp://127.0.0.1:31568...
Starting thread that pumps stdin and redirects it to the bsp server...
Starting thread that pumps server stdout and redirects it to the client stdout...
[0m2021.04.10 22:59:03 INFO  tracing is disabled for protocol BSP, to enable tracing of incoming and outgoing JSON messages create an empty file at C:\Users\Admin\AppData\Local\scalameta\metals\cache\bsp.trace.json[0m
[0m2021.04.10 22:59:09 INFO  Attempting to connect to the build server...[0m
[0m2021.04.10 22:59:09 INFO  Attempting to connect to the build server...[0m
Starting the bsp launcher for bloop...
Opening a bsp server connection with 'bsp --protocol tcp --port 28669'...
Waiting for the bsp connection to come up...
Starting the bsp launcher for bloop...
Opening a bsp server connection with 'bsp --protocol tcp --port 16570'...
Waiting for the bsp connection to come up...
[0m[32m[D][0m Loading workspace settings from bloop.settings.json
[0m[32m[D][0m Waiting for a connection at 127.0.0.1:16570...
The server is listening for incoming connections at tcp://127.0.0.1:16570...
[0m[32m[D][0m Loading workspace settings from bloop.settings.json
[0m[32m[D][0m Waiting for a connection at 127.0.0.1:28669...
The server is listening for incoming connections at tcp://127.0.0.1:28669...
Starting thread that pumps stdin and redirects it to the bsp server...
Starting thread that pumps stdin and redirects it to the bsp server...
Starting thread that pumps server stdout and redirects it to the client stdout...
Starting thread that pumps server stdout and redirects it to the client stdout...
[0m2021.04.10 22:59:09 INFO  tracing is disabled for protocol BSP, to enable tracing of incoming and outgoing JSON messages create an empty file at C:\Users\Admin\AppData\Local\scalameta\metals\cache\bsp.trace.json[0m
[0m2021.04.10 22:59:10 INFO  tracing is disabled for protocol BSP, to enable tracing of incoming and outgoing JSON messages create an empty file at C:\Users\Admin\AppData\Local\scalameta\metals\cache\bsp.trace.json[0m
[0m2021.04.10 22:59:10 INFO  time: Connected to build server in 7.7s[0m
[0m2021.04.10 22:59:10 INFO  Connected to Build server: Bloop v1.4.8[0m
[0m2021.04.10 22:59:10 INFO  time: Imported build in 0.11s[0m
[0m2021.04.10 22:59:19 INFO  time: indexed workspace in 9.04s[0m
[0m2021.04.10 22:59:40 INFO  skipping build import with status 'Installed'[0m
[0m2021.04.10 22:59:41 INFO  compiling traning-project-build (2 scala sources)[0m
[0m2021.04.10 22:59:48 INFO  time: compiled traning-project-build in 7.5s[0m
[0m2021.04.10 23:27:44 INFO  Started: Metals version 0.10.1 in workspace 'C:\traning-project-2\traning-project' for client vscode 1.55.1.[0m
[0m2021.04.10 23:27:45 INFO  time: initialize in 0.88s[0m
[0m2021.04.10 23:27:50 INFO  Attempting to connect to the build server...[0m
[0m2021.04.10 23:27:50 WARN  no build target for: C:\traning-project-2\traning-project\ui-build.sbt[0m
Starting the bsp launcher for bloop...
Opening a bsp server connection with 'bsp --protocol tcp --port 26518'...
Waiting for the bsp connection to come up...
[0m[32m[D][0m Loading workspace settings from bloop.settings.json
[0m[32m[D][0m Loading 2 projects from 'c:\traning-project-2\traning-project\.bloop'...
[0m[32m[D][0m Loading project from 'c:\traning-project-2\traning-project\.bloop\root-test.json'
[0m[32m[D][0m Loading project from 'c:\traning-project-2\traning-project\.bloop\root.json'
[0m[32m[D][0m Configured SemanticDB in projects 'root-test', 'root'
[0m[32m[D][0m Missing analysis file for project 'root-test'
[0m[32m[D][0m Missing analysis file for project 'root'
[0m[32m[D][0m Waiting for a connection at 127.0.0.1:26518...
The server is listening for incoming connections at tcp://127.0.0.1:26518...
Starting thread that pumps stdin and redirects it to the bsp server...
Starting thread that pumps server stdout and redirects it to the client stdout...
[0m2021.04.10 23:27:52 INFO  tracing is disabled for protocol BSP, to enable tracing of incoming and outgoing JSON messages create an empty file at C:\Users\Admin\AppData\Local\scalameta\metals\cache\bsp.trace.json[0m
[0m2021.04.10 23:27:52 INFO  Attempting to connect to the build server...[0m
Starting the bsp launcher for bloop...
[0mOpening a bsp server connection with 'bsp --protocol tcp --port 14302'...
2021.04.10 23:27:52 INFO  Attempting to connect to the build server...[0m
Waiting for the bsp connection to come up...
Starting the bsp launcher for bloop...
Opening a bsp server connection with 'bsp --protocol tcp --port 28935'...
Waiting for the bsp connection to come up...
[0m[32m[D][0m Loading workspace settings from bloop.settings.json
[0m[32m[D][0m Waiting for a connection at 127.0.0.1:14302...
The server is listening for incoming connections at tcp://127.0.0.1:14302...
[0m[32m[D][0m Loading workspace settings from bloop.settings.json
[0m[32m[D][0m Waiting for a connection at 127.0.0.1:28935...
The server is listening for incoming connections at tcp://127.0.0.1:28935...
Starting thread that pumps stdin and redirects it to the bsp server...
Starting thread that pumps stdin and redirects it to the bsp server...
Starting thread that pumps server stdout and redirects it to the client stdout...
Starting thread that pumps server stdout and redirects it to the client stdout...
[0m2021.04.10 23:27:53 INFO  tracing is disabled for protocol BSP, to enable tracing of incoming and outgoing JSON messages create an empty file at C:\Users\Admin\AppData\Local\scalameta\metals\cache\bsp.trace.json[0m
[0m2021.04.10 23:27:53 INFO  tracing is disabled for protocol BSP, to enable tracing of incoming and outgoing JSON messages create an empty file at C:\Users\Admin\AppData\Local\scalameta\metals\cache\bsp.trace.json[0m
[0m2021.04.10 23:27:53 INFO  time: Connected to build server in 3.12s[0m
[0m2021.04.10 23:27:53 INFO  Connected to Build server: Bloop v1.4.8[0m
[0m2021.04.10 23:27:54 INFO  no build target: using presentation compiler with only scala-library: 2.12.13[0m
[0m2021.04.10 23:27:54 INFO  time: Imported build in 0.19s[0m
[0m2021.04.10 23:27:56 INFO  no build target: using presentation compiler with only scala-library: 2.12.13[0m
[0m2021.04.10 23:27:59 INFO  time: code lens generation in 8.12s[0m
[0m2021.04.10 23:28:03 INFO  time: indexed workspace in 8.72s[0m
[0m2021.04.10 23:28:03 INFO  compiling traning-project-build (2 scala sources)[0m
Apr 10, 2021 11:28:07 PM org.eclipse.lsp4j.jsonrpc.RemoteEndpoint handleCancellation
WARNING: Unmatched cancel notification for request id 8
[0m2021.04.10 23:28:09 INFO  time: compiled traning-project-build in 5.21s[0m
[0m2021.04.10 23:28:15 INFO  time: code lens generation in 4.73s[0m
[0m2021.04.10 23:28:15 INFO  time: code lens generation in 3.64s[0m
[0m2021.04.10 23:46:25 INFO  shutting down Metals[0m
[0m2021.04.10 23:46:25 INFO  Shut down connection with build server.[0m
[0m2021.04.10 23:46:25 INFO  Shut down connection with build server.[0m
No more data in the client stdin, exiting...
No more data in the client stdin, exiting...
No more data in the server stdin, exiting...
No more data in the server stdin, exiting...
[0m2021.04.10 23:46:25 INFO  Shut down connection with build server.[0m
No more data in the client stdin, exiting...
No more data in the server stdin, exiting...
[0m2021.04.11 10:39:51 INFO  Started: Metals version 0.10.1 in workspace 'C:\traning-project-2\traning-project' for client vscode 1.55.1.[0m
[0m2021.04.11 10:39:51 INFO  time: initialize in 0.72s[0m
[0m2021.04.11 10:39:53 INFO  Attempting to connect to the build server...[0m
[0m2021.04.11 10:39:53 INFO  skipping build import with status 'Requested'[0m
Starting the bsp launcher for bloop...
Opening a bsp server connection with 'bsp --protocol tcp --port 22413'...
Waiting for the bsp connection to come up...
Waiting for the bsp connection to come up...
Waiting for the bsp connection to come up...
Waiting for the bsp connection to come up...
Waiting for the bsp connection to come up...
Waiting for the bsp connection to come up...
No server running at 127.0.0.1:8212, let's fire one...
Resolving ch.epfl.scala:bloop-frontend_2.12:1.4.8...
Starting bloop server at 127.0.0.1:8212...
Attempting a connection to the server...
[0m[32m[D][0m Loading workspace settings from bloop.settings.json
[0m[32m[D][0m Loading 2 projects from 'c:\traning-project-2\traning-project\.bloop'...
[0m[32m[D][0m Loading project from 'c:\traning-project-2\traning-project\.bloop\root-test.json'
[0m[32m[D][0m Loading project from 'c:\traning-project-2\traning-project\.bloop\root.json'
[0m[32m[D][0m Cache miss for scala instance org.scala-lang:scala-compiler:2.12.8.
[0m[32m[D][0m   => C:\Users\Admin\AppData\Local\Coursier\cache\v1\https\repo1.maven.org\maven2\jline\jline\2.14.6\jline-2.14.6.jar
[0m[32m[D][0m   => C:\Users\Admin\AppData\Local\Coursier\cache\v1\https\repo1.maven.org\maven2\org\scala-lang\modules\scala-xml_2.12\1.0.6\scala-xml_2.12-1.0.6.jar
[0m[32m[D][0m   => C:\Users\Admin\AppData\Local\Coursier\cache\v1\https\repo1.maven.org\maven2\org\scala-lang\scala-compiler\2.12.8\scala-compiler-2.12.8.jar
[0m[32m[D][0m   => C:\Users\Admin\AppData\Local\Coursier\cache\v1\https\repo1.maven.org\maven2\org\scala-lang\scala-library\2.12.8\scala-library-2.12.8.jar
[0m[32m[D][0m   => C:\Users\Admin\AppData\Local\Coursier\cache\v1\https\repo1.maven.org\maven2\org\scala-lang\scala-reflect\2.12.8\scala-reflect-2.12.8.jar
[0m[32m[D][0m Configured SemanticDB in projects 'root', 'root-test'
[0m[32m[D][0m Missing analysis file for project 'root'
[0m[32m[D][0m Missing analysis file for project 'root-test'
[0m[32m[D][0m Waiting for a connection at 127.0.0.1:22413...
The server is listening for incoming connections at tcp://127.0.0.1:22413...
Starting thread that pumps stdin and redirects it to the bsp server...
Starting thread that pumps server stdout and redirects it to the client stdout...
[0m2021.04.11 10:40:03 INFO  tracing is disabled for protocol BSP, to enable tracing of incoming and outgoing JSON messages create an empty file at C:\Users\Admin\AppData\Local\scalameta\metals\cache\bsp.trace.json[0m
[0m2021.04.11 10:40:03 INFO  Attempting to connect to the build server...[0m
Starting the bsp launcher for bloop...
Opening a bsp server connection with 'bsp --protocol tcp --port 22328'...
[0m2021.04.11 10:40:03Waiting for the bsp connection to come up... 
INFO  Attempting to connect to the build server...[0m
Starting the bsp launcher for bloop...
Opening a bsp server connection with 'bsp --protocol tcp --port 45365'...
Waiting for the bsp connection to come up...
[0m[32m[D][0m Loading workspace settings from bloop.settings.json
[0m[32m[D][0m Waiting for a connection at 127.0.0.1:22328...
The server is listening for incoming connections at tcp://127.0.0.1:22328...
Starting thread that pumps stdin and redirects it to the bsp server...
Starting thread that pumps server stdout and redirects it to the client stdout...
[0m[32m[D][0m Loading workspace settings from bloop.settings.json
[0m[32m[D][0m Waiting for a connection at 127.0.0.1:45365...
The server is listening for incoming connections at tcp://127.0.0.1:45365...
Starting thread that pumps stdin and redirects it to the bsp server...
Starting thread that pumps server stdout and redirects it to the client stdout...
[0m2021.04.11 10:40:04 INFO  tracing is disabled for protocol BSP, to enable tracing of incoming and outgoing JSON messages create an empty file at C:\Users\Admin\AppData\Local\scalameta\metals\cache\bsp.trace.json[0m
[0m2021.04.11 10:40:04 INFO  tracing is disabled for protocol BSP, to enable tracing of incoming and outgoing JSON messages create an empty file at C:\Users\Admin\AppData\Local\scalameta\metals\cache\bsp.trace.json[0m
[0m2021.04.11 10:40:04 INFO  time: Connected to build server in 11s[0m
[0m2021.04.11 10:40:04 INFO  Connected to Build server: Bloop v1.4.8[0m
[0m2021.04.11 10:40:05 INFO  time: Imported build in 0.33s[0m
[0m2021.04.11 10:40:12 INFO  time: indexed workspace in 7.77s[0m
[0m2021.04.11 12:50:14 INFO  time: code lens generation in 4.41s[0m
Apr 11, 2021 12:56:24 PM org.eclipse.lsp4j.jsonrpc.RemoteEndpoint handleCancellation
WARNING: Unmatched cancel notification for request id 24
Apr 11, 2021 12:58:47 PM org.eclipse.lsp4j.jsonrpc.RemoteEndpoint handleCancellation
WARNING: Unmatched cancel notification for request id 32
[0m2021.04.11 14:35:15 INFO  Started: Metals version 0.10.1 in workspace 'C:\traning-project-2\traning-project' for client vscode 1.55.1.[0m
[0m2021.04.11 14:35:16 INFO  time: initialize in 0.94s[0m
[0m2021.04.11 14:35:21 INFO  Attempting to connect to the build server...[0m
[0m2021.04.11 14:35:21 WARN  no build target for: C:\traning-project-2\traning-project\build.sbt[0m
[0m2021.04.11 14:35:22 INFO  skipping build import with status 'Requested'[0m
Starting the bsp launcher for bloop...
Opening a bsp server connection with 'bsp --protocol tcp --port 16980'...
Waiting for the bsp connection to come up...
Waiting for the bsp connection to come up...
Waiting for the bsp connection to come up...
Waiting for the bsp connection to come up...
[0m2021.04.11 14:35:30 INFO  no build target: using presentation compiler with only scala-library: 2.12.13[0m
Waiting for the bsp connection to come up...
Waiting for the bsp connection to come up...
Waiting for the bsp connection to come up...
[0m2021.04.11 14:35:37 INFO  time: code lens generation in 16s[0m
Waiting for the bsp connection to come up...
No server running at 127.0.0.1:8212, let's fire one...
Resolving ch.epfl.scala:bloop-frontend_2.12:1.4.8...
Starting bloop server at 127.0.0.1:8212...
Attempting a connection to the server...
Attempting a connection to the server...
[0m[32m[D][0m Loading workspace settings from bloop.settings.json
[0m[32m[D][0m Loading 2 projects from 'c:\traning-project-2\traning-project\.bloop'...
[0m[32m[D][0m Loading project from 'c:\traning-project-2\traning-project\.bloop\root.json'
[0m[32m[D][0m Loading project from 'c:\traning-project-2\traning-project\.bloop\root-test.json'
[0m[32m[D][0m Cache miss for scala instance org.scala-lang:scala-compiler:2.12.8.
[0m[32m[D][0m   => C:\Users\Admin\AppData\Local\Coursier\cache\v1\https\repo1.maven.org\maven2\jline\jline\2.14.6\jline-2.14.6.jar
[0m[32m[D][0m   => C:\Users\Admin\AppData\Local\Coursier\cache\v1\https\repo1.maven.org\maven2\org\scala-lang\modules\scala-xml_2.12\1.0.6\scala-xml_2.12-1.0.6.jar
[0m[32m[D][0m   => C:\Users\Admin\AppData\Local\Coursier\cache\v1\https\repo1.maven.org\maven2\org\scala-lang\scala-compiler\2.12.8\scala-compiler-2.12.8.jar
[0m[32m[D][0m   => C:\Users\Admin\AppData\Local\Coursier\cache\v1\https\repo1.maven.org\maven2\org\scala-lang\scala-library\2.12.8\scala-library-2.12.8.jar
[0m[32m[D][0m   => C:\Users\Admin\AppData\Local\Coursier\cache\v1\https\repo1.maven.org\maven2\org\scala-lang\scala-reflect\2.12.8\scala-reflect-2.12.8.jar
[0m[32m[D][0m Configured SemanticDB in projects 'root-test', 'root'
[0m[32m[D][0m Missing analysis file for project 'root-test'
[0m[32m[D][0m Missing analysis file for project 'root'
[0m[32m[D][0m Waiting for a connection at 127.0.0.1:16980...
The server is listening for incoming connections at tcp://127.0.0.1:16980...
Starting thread that pumps stdin and redirects it to the bsp server...
Starting thread that pumps server stdout and redirects it to the client stdout...
[0m2021.04.11 14:35:39 INFO  tracing is disabled for protocol BSP, to enable tracing of incoming and outgoing JSON messages create an empty file at C:\Users\Admin\AppData\Local\scalameta\metals\cache\bsp.trace.json[0m
[0m2021.04.11 14:35:39 INFO  Attempting to connect to the build server...[0m
Starting the bsp launcher for bloop...
Opening a bsp server connection with 'bsp --protocol tcp --port 39453'...
[0m2021.04.11 14:35:39 INFO  Attempting to connect to the build server...[0m
Waiting for the bsp connection to come up...
Starting the bsp launcher for bloop...
Opening a bsp server connection with 'bsp --protocol tcp --port 43186'...
Waiting for the bsp connection to come up...
[0m[32m[D][0m Loading workspace settings from bloop.settings.json
[0m[32m[D][0m Waiting for a connection at 127.0.0.1:39453...
The server is listening for incoming connections at tcp://127.0.0.1:39453...
Starting thread that pumps stdin and redirects it to the bsp server...
Starting thread that pumps server stdout and redirects it to the client stdout...
[0m[32m[D][0m Loading workspace settings from bloop.settings.json
[0m[32m[D][0m Waiting for a connection at 127.0.0.1:43186...
The server is listening for incoming connections at tcp://127.0.0.1:43186...
Starting thread that pumps stdin and redirects it to the bsp server...
Starting thread that pumps server stdout and redirects it to the client stdout...
[0m2021.04.11 14:35:40 INFO  tracing is disabled for protocol BSP, to enable tracing of incoming and outgoing JSON messages create an empty file at C:\Users\Admin\AppData\Local\scalameta\metals\cache\bsp.trace.json[0m
[0m2021.04.11 14:35:40 INFO  tracing is disabled for protocol BSP, to enable tracing of incoming and outgoing JSON messages create an empty file at C:\Users\Admin\AppData\Local\scalameta\metals\cache\bsp.trace.json[0m
[0m2021.04.11 14:35:40 INFO  time: Connected to build server in 19s[0m
[0m2021.04.11 14:35:40 INFO  Connected to Build server: Bloop v1.4.8[0m
[0m2021.04.11 14:35:41 INFO  time: Imported build in 0.3s[0m
[0m2021.04.11 14:35:49 INFO  time: indexed workspace in 8.29s[0m
[0m2021.04.11 14:36:01 INFO  time: code lens generation in 6.98s[0m
[0m2021.04.11 18:49:11 INFO  shutting down Metals[0m
No more data in the server stdin, exiting...
[0mNo more data in the server stdin, exiting...
2021.04.11 18:49:11 INFO  Shut down connection with build server.[0m
[0m2021.04.11 18:49:11 INFO  Shut down connection with build server.[0m
No more data in the client stdin, exiting...
No more data in the client stdin, exiting...
No more data in the server stdin, exiting...
[0m2021.04.11 18:49:12 INFO  Shut down connection with build server.[0m
No more data in the client stdin, exiting...
No more data in the server stdin, exiting...
No more data in the server stdin, exiting...
[0m2021.04.11 19:09:58 INFO  Started: Metals version 0.10.1 in workspace 'C:\Training\shorten-url' for client vscode 1.55.1.[0m
[0m2021.04.11 19:09:59 INFO  time: initialize in 0.64s[0m
[0m2021.04.11 19:10:00 INFO  Attempting to connect to the build server...[0m
[0m2021.04.11 19:09:59 WARN  no build target for: C:\Training\shorten-url\views-build.sbt[0m
[0m2021.04.11 19:09:59 WARN  no build target for: C:\Training\shorten-url\app\Module.scala[0m
Starting the bsp launcher for bloop...
Opening a bsp server connection with 'bsp --protocol tcp --port 12678'...
Waiting for the bsp connection to come up...
[0m[32m[D][0m Loading workspace settings from bloop.settings.json
[0m[32m[D][0m Loading 2 projects from 'c:\Training\shorten-url\.bloop'...
[0m[32m[D][0m Loading project from 'c:\Training\shorten-url\.bloop\root.json'
[0m[32m[D][0m Loading project from 'c:\Training\shorten-url\.bloop\root-test.json'
[0m[32m[D][0m Configured SemanticDB in projects 'root', 'root-test'
[0m[32m[D][0m Waiting for a connection at 127.0.0.1:12678...
The server is listening for incoming connections at tcp://127.0.0.1:12678...
Starting thread that pumps stdin and redirects it to the bsp server...
Starting thread that pumps server stdout and redirects it to the client stdout...
[0m2021.04.11 19:10:02 INFO  tracing is disabled for protocol BSP, to enable tracing of incoming and outgoing JSON messages create an empty file at C:\Users\Admin\AppData\Local\scalameta\metals\cache\bsp.trace.json[0m
[0m2021.04.11 19:10:02 INFO  Attempting to connect to the build server...[0m
Starting the bsp launcher for bloop...
[0m2021.04.11 19:10:02 Opening a bsp server connection with 'bsp --protocol tcp --port 24479'...INFO  
Attempting to connect to the build server...[0m
Waiting for the bsp connection to come up...
Starting the bsp launcher for bloop...
Opening a bsp server connection with 'bsp --protocol tcp --port 13765'...
Waiting for the bsp connection to come up...
[0m[32m[D][0m Loading workspace settings from bloop.settings.json
[0m[32m[D][0m Waiting for a connection at 127.0.0.1:24479...
The server is listening for incoming connections at tcp://127.0.0.1:24479...
[0m[32m[D][0m Loading workspace settings from bloop.settings.json
[0m[32m[D][0m Waiting for a connection at 127.0.0.1:13765...
The server is listening for incoming connections at tcp://127.0.0.1:13765...
Starting thread that pumps stdin and redirects it to the bsp server...
Starting thread that pumps stdin and redirects it to the bsp server...
Starting thread that pumps server stdout and redirects it to the client stdout...
Starting thread that pumps server stdout and redirects it to the client stdout...
[0m2021.04.11 19:10:03 INFO  tracing is disabled for protocol BSP, to enable tracing of incoming and outgoing JSON messages create an empty file at C:\Users\Admin\AppData\Local\scalameta\metals\cache\bsp.trace.json[0m
[0m2021.04.11 19:10:03 INFO  tracing is disabled for protocol BSP, to enable tracing of incoming and outgoing JSON messages create an empty file at C:\Users\Admin\AppData\Local\scalameta\metals\cache\bsp.trace.json[0m
[0m2021.04.11 19:10:03 INFO  time: Connected to build server in 3.98s[0m
[0m2021.04.11 19:10:03 INFO  Connected to Build server: Bloop v1.4.8[0m
[0m2021.04.11 19:10:05 INFO  no build target: using presentation compiler with only scala-library: 2.12.13[0m
Apr 11, 2021 7:10:05 PM org.eclipse.lsp4j.jsonrpc.RemoteEndpoint handleCancellation
WARNING: Unmatched cancel notification for request id 9
[0m2021.04.11 19:10:05 WARN  no build target for: C:\Training\shorten-url\app\controllers\HomeController.scala[0m
[0m2021.04.11 19:10:05 INFO  time: Imported build in 0.29s[0m
[0m2021.04.11 19:10:08 INFO  no build target: using presentation compiler with only scala-library: 2.12.13[0m
Apr 11, 2021 7:10:08 PM org.eclipse.lsp4j.jsonrpc.RemoteEndpoint handleCancellation
WARNING: Unmatched cancel notification for request id 14
[0m2021.04.11 19:10:12 INFO  time: code lens generation in 7.11s[0m
[0m2021.04.11 19:10:13 INFO  no build target: using presentation compiler with only scala-library: 2.12.8[0m
[0m2021.04.11 19:10:17 WARN  no build target for: C:\Training\shorten-url\app\controllers\HomeController.scala[0m
[0m2021.04.11 19:10:19 INFO  time: indexed workspace in 13s[0m
[0m2021.04.11 19:10:19 INFO  compiling shorten-url-build (2 scala sources)[0m
[0m2021.04.11 19:10:21 WARN  no build target for: C:\Training\shorten-url\app\controllers\HomeController.scala[0m
[0m2021.04.11 19:10:22 INFO  time: code lens generation in 21s[0m
[0m2021.04.11 19:10:32 INFO  time: code lens generation in 32s[0m
[0m2021.04.11 19:10:32 INFO  time: code lens generation in 11s[0m
[0m2021.04.11 19:10:32 INFO  time: code lens generation in 14s[0m
[0m2021.04.11 19:10:33 INFO  time: compiled shorten-url-build in 13s[0m
Apr 11, 2021 7:21:37 PM org.eclipse.lsp4j.jsonrpc.RemoteEndpoint handleCancellation
WARNING: Unmatched cancel notification for request id 147
[0m2021.04.11 19:21:40 WARN  no build target for: C:\Training\shorten-url\app\Module.scala[0m
Apr 11, 2021 7:21:42 PM org.eclipse.lsp4j.jsonrpc.RemoteEndpoint handleCancellation
WARNING: Unmatched cancel notification for request id 159
[0m2021.04.11 19:21:43 WARN  no build target for: C:\Training\shorten-url\app\controllers\HomeController.scala[0m
[0m2021.04.11 19:21:53 WARN  no build target for: C:\Training\shorten-url\app\controllers\HomeController.scala[0m
[0m2021.04.11 19:21:53 WARN  no build target for: C:\Training\shorten-url\app\controllers\HomeController.scala[0m
[0m2021.04.11 19:21:57 WARN  no build target for: C:\Training\shorten-url\app\controllers\HomeController.scala[0m
[0m2021.04.11 19:21:57 WARN  no build target for: C:\Training\shorten-url\app\controllers\FrontendController.scala[0m
Apr 11, 2021 7:21:59 PM org.eclipse.lsp4j.jsonrpc.RemoteEndpoint handleCancellation
WARNING: Unmatched cancel notification for request id 200
